<?xml version="1.0" encoding="UTF-8"?>
<!-- Generated by org.testng.reporters.JUnitReportReporter -->
<testsuite skipped="0" hostname="DELL" name="TestScript.TestDriver" tests="1" failures="0" timestamp="2021-01-13T19:29:49 IST" time="0.015" errors="0">
  <testcase name="testTitle" time="0.015" classname="TestScript.TestDriver"/>
  <system-out/>
</testsuite> <!-- TestScript.TestDriver -->
