<?xml version="1.0" encoding="UTF-8"?>
<!-- Generated by org.testng.reporters.JUnitReportReporter -->
<testsuite skipped="0" hostname="DELL" name="TestScript.TestDriver" tests="1" failures="0" timestamp="2021-04-21T14:52:21 IST" time="18.080" errors="0">
  <testcase name="testTitle" time="18.080" classname="TestScript.TestDriver"/>
  <system-out/>
</testsuite> <!-- TestScript.TestDriver -->
