<?xml version="1.0" encoding="UTF-8"?>
<!-- Generated by org.testng.reporters.JUnitReportReporter -->
<testsuite skipped="0" hostname="DELL" name="TestScript.TestDriver" tests="1" failures="0" timestamp="2021-02-06T16:05:38 IST" time="0.010" errors="0">
  <testcase name="testTitle" time="0.010" classname="TestScript.TestDriver"/>
  <system-out/>
</testsuite> <!-- TestScript.TestDriver -->
